=== Copying reference GFF to thesis_results ===
Failed to parse command line
Usage:
        agat_convert_sp_gxf2gxf.pl -g infile.gff [ -o outfile ]
        agat_convert_sp_gxf2gxf.pl --help

Options:
    -g, --gff or -ref
            String - Input GTF/GFF file. Compressed file with .gz extension
            is accepted.

    -c or --ct
            String - When the features do not have Parent/ID relationships,
            the parser will try to group features using a common/shared
            attribute (i.e. a locus tag.). By default locus_tag and gene_id.
            You can replace the default common/shared attributes by
            providing your own(s) using this option. Use comma separated
            list when providing several.

    --efl or --expose
            Boolean - If you want to see, add or modified the feature
            relationships you will have to use this option. It will copy
            past in you working directory the json files used to define the
            relation between feature types and their level organisation.
            Typical level organisation: Level1 => gene; Level2 => mRNA;
            level3 => exon,cds,utrs If you get warning from the Omniscient
            parser that a feature relationship is not defined, you can
            provide information about it within the exposed json files.
            Indeed, if the json files exists in your working directory, they
            will be used by default.

    --ml or --merge_loci
            Boolean - Merge loci parameter, default deactivated. You turn on
            the parameter if you want to merge loci into one locus when they
            overlap. (at CDS level for mRNA, at exon level for other level2
            features. Strand has to be the same). Prokaryote can have
            overlaping loci so it should not use it for prokaryote
            annotation. In eukaryote, loci rarely overlap. Overlaps could be
            due to error in the file, mRNA can be merged under the same
            parent gene if you acticate the option.

    -v      Integer - Verbose option. To modify verbosity. Default is 1. 0
            is quiet, 2 and 3 are increasing verbosity.

    --nc or --no_check
            Boolean - To deacticate all check that can be performed by the
            parser (e.g fixing UTR, exon, coordinates etc...)

    --throw_fasta
            Boolean - By default we keep the fasta sequences if present in
            the file. Activating this parameter will get rid of the fasta
            sequences. Default False.

    --debug Boolean - For debug purpose

    -o or --output
            String - Output GFF file. If no output file is specified, the
            output will be written to STDOUT.

    --gvi or --gff_version_input
            Float - If you don't want to use the autodection of the gff/gft
            version you give as input, you can force the tool to use the
            parser of the gff version you decide to use: 1,2,2.5 or 3.
            Remind: 2.5 is suposed to be gtf.

    --gvo or --gff_version_output
            Float - If you don't want to use the autodection of the gff/gft
            version you give as input, you can force the tool to use the
            parser of the gff version you decide to use: 1,2,2.5 or 3.
            Remind: 2.5 is suposed to be gtf.

    --no_progressbar
            Bolean - To hide the progress bar.

    -h or --help
            Boolean - Display this helpful text.

=== STEP 1: Building ensembldb from GFF ===

=== STEP 2: Making LocusZoom plot ===

Done. Plots written to: /nfs/research/jlees/jacqueline/thesis_results/locus_zoom/spneumoniae/plots
