Warning messages:
1: package ‘data.table’ was built under R version 4.4.3 
2: package ‘ggplot2’ was built under R version 4.4.3 
3: package ‘ggrepel’ was built under R version 4.4.3 
4: package ‘patchwork’ was built under R version 4.4.3 
Loading RATE values: /nfs/research/jlees/jacqueline/thesis_results/test_gwas_workflow/cppRATE_results/RATE_values_cutpoint1_depruned.txt
  Loaded 32406 RATE values
Loading positions: /nfs/research/jlees/jacqueline/bayesian_gwas_paper/00_data/inference/01_spn_penicillin_subclusters_K5_variant_index.csv
Warning message:
NAs introduced by coercion 
Error: Mismatch: 32406 RATE values but 32407 positions.
Execution halted
Warning messages:
1: package ‘data.table’ was built under R version 4.4.3 
2: package ‘ggplot2’ was built under R version 4.4.3 
3: package ‘ggrepel’ was built under R version 4.4.3 
4: package ‘patchwork’ was built under R version 4.4.3 
Loading RATE values: /nfs/research/jlees/jacqueline/thesis_results/test_gwas_workflow/cppRATE_results/RATE_values_cutpoint2_depruned.txt
  Loaded 32406 RATE values
Loading positions: /nfs/research/jlees/jacqueline/bayesian_gwas_paper/00_data/inference/01_spn_penicillin_subclusters_K5_variant_index.csv
Warning message:
NAs introduced by coercion 
Error: Mismatch: 32406 RATE values but 32407 positions.
Execution halted
Warning messages:
1: package ‘data.table’ was built under R version 4.4.3 
2: package ‘ggplot2’ was built under R version 4.4.3 
3: package ‘ggrepel’ was built under R version 4.4.3 
4: package ‘patchwork’ was built under R version 4.4.3 
Loading RATE values: /nfs/research/jlees/jacqueline/thesis_results/test_gwas_workflow/cppRATE_results/RATE_values_cutpoint3_depruned.txt
  Loaded 32406 RATE values
Loading positions: /nfs/research/jlees/jacqueline/bayesian_gwas_paper/00_data/inference/01_spn_penicillin_subclusters_K5_variant_index.csv
Warning message:
NAs introduced by coercion 
Error: Mismatch: 32406 RATE values but 32407 positions.
Execution halted
Warning messages:
1: package ‘data.table’ was built under R version 4.4.3 
2: package ‘ggplot2’ was built under R version 4.4.3 
3: package ‘ggrepel’ was built under R version 4.4.3 
4: package ‘patchwork’ was built under R version 4.4.3 
Loading RATE values: /nfs/research/jlees/jacqueline/thesis_results/test_gwas_workflow/cppRATE_results/RATE_values_cutpoint4_depruned.txt
  Loaded 32406 RATE values
Loading positions: /nfs/research/jlees/jacqueline/bayesian_gwas_paper/00_data/inference/01_spn_penicillin_subclusters_K5_variant_index.csv
Warning message:
NAs introduced by coercion 
Error: Mismatch: 32406 RATE values but 32407 positions.
Execution halted
